
--- NN64x64 Results ---
AvgVelocity: 10.3487
Mass: 0.7927
PressureDrop: 513.3721
Surface Area: 294.5152
Overall RMSE: 295.9720

--- NN Feature Engineering Results ---
AvgVelocity: 7.8609
Mass: 0.5656
PressureDrop: 335.5850
SurfaceArea: 134.0254
Overall RMSE: 180.7223

--- NN Feature Engineering Results (positve outputs enforced) ---
AvgVelocity: 51.5758
Mass: 5.1311
PressureDrop: 1363.0236
SurfaceArea: 2260.4712
Overall RMSE: 1320.0615

--- MultiHead NN Results ---
AvgVelocity: 89.7954
Mass: 11.5780
PressureDrop: 2036.9050
Surface Area: 20977.0244
Overall RMSE: 10537.9402
